2011/10/31 22:47:33 にビルドを開始しました。
     1>ノード 2 上のプロジェクト "C:\Users\kusumi\Documents\Dropbox\labo_kusumi\Projects\CLOTH\INIT\INIT.vcxproj" (build ターゲット)。
     1>InitializeBuildStatus:
         "AlwaysCreate" が指定されたため "Debug\INIT.unsuccessfulbuild" を作成しています。
       GenerateTargetFrameworkMonikerAttribute:
       すべての出力ファイルが入力ファイルに対して最新なので、ターゲット "GenerateTargetFrameworkMonikerAttribute" を省略します。
       ClCompile:
         C:\Program Files (x86)\Microsoft Visual Studio 10.0\VC\bin\CL.exe /c /AI"C:\Program Files (x86)\Reference Assemblies\Microsoft\Framework\.NETFramework\v4.0" /Zi /clr /nologo /W3 /WX- /Od /Oy- /D WIN32 /D _DEBUG /D _UNICODE /D UNICODE /EHa /MDd /GS /fp:precise /Zc:wchar_t /Zc:forScope /Fo"Debug\\" /Fd"Debug\vc100.pdb" /TP /analyze- /errorReport:prompt main.cpp /clr:nostdlib 
         main.cpp
         C:\Program Files (x86)\Microsoft Visual Studio 10.0\VC\bin\CL.exe /c /Zi /clr /nologo /W3 /WX- /Od /Oy- /D WIN32 /D _DEBUG /D _UNICODE /D UNICODE /EHa /MDd /GS /fp:precise /Zc:wchar_t /Zc:forScope /Fo"Debug\\" /Fd"Debug\vc100.pdb" /TP /analyze- /errorReport:prompt "C:\Users\kusumi\AppData\Local\Temp\.NETFramework,Version=v4.0.AssemblyAttributes.cpp"
         .NETFramework,Version=v4.0.AssemblyAttributes.cpp
       Link:
         C:\Program Files (x86)\Microsoft Visual Studio 10.0\VC\bin\link.exe /ERRORREPORT:PROMPT /OUT:"C:\Users\kusumi\Documents\Dropbox\labo_kusumi\Projects\CLOTH\Debug\INIT.exe" /INCREMENTAL /NOLOGO /MANIFEST /ManifestFile:"Debug\INIT.exe.intermediate.manifest" /MANIFESTUAC:"level='asInvoker' uiAccess='false'" /DEBUG /PDB:"C:\Users\kusumi\Documents\Dropbox\labo_kusumi\Projects\CLOTH\Debug\INIT.pdb" /ASSEMBLYDEBUG /TLBID:1 /DYNAMICBASE /FIXED:NO /NXCOMPAT /MACHINE:X86 Debug\main.obj
         "Debug\.NETFramework,Version=v4.0.AssemblyAttributes.obj"
         INIT.vcxproj -> C:\Users\kusumi\Documents\Dropbox\labo_kusumi\Projects\CLOTH\Debug\INIT.exe
       Manifest:
         C:\Program Files (x86)\Microsoft SDKs\Windows\v7.0A\bin\mt.exe /nologo /verbose /outputresource:"C:\Users\kusumi\Documents\Dropbox\labo_kusumi\Projects\CLOTH\Debug\INIT.exe;#1" /manifest Debug\INIT.exe.intermediate.manifest
       FinalizeBuildStatus:
         ファイル "Debug\INIT.unsuccessfulbuild" を削除しています。
         "Debug\INIT.lastbuildstate" のタッチ タスクを実行しています。
     1>プロジェクト "C:\Users\kusumi\Documents\Dropbox\labo_kusumi\Projects\CLOTH\INIT\INIT.vcxproj" (build ターゲット) のビルドが完了しました。

ビルドに成功しました。

経過時間 00:00:02.28
