C:\Users\kusumi\Documents\Dropbox\labo_kusumi\Projects\CLOTH\INIT\Release\.NETFramework,Version=v4.0.AssemblyAttributes.obj
C:\Users\kusumi\Documents\Dropbox\labo_kusumi\Projects\CLOTH\INIT\Release\cl.command.1.tlog
C:\Users\kusumi\Documents\Dropbox\labo_kusumi\Projects\CLOTH\INIT\Release\CL.read.1.tlog
C:\Users\kusumi\Documents\Dropbox\labo_kusumi\Projects\CLOTH\INIT\Release\CL.write.1.tlog
C:\Users\kusumi\Documents\Dropbox\labo_kusumi\Projects\CLOTH\INIT\Release\INIT.exe.intermediate.manifest
C:\Users\kusumi\Documents\Dropbox\labo_kusumi\Projects\CLOTH\INIT\Release\link.command.1.tlog
C:\Users\kusumi\Documents\Dropbox\labo_kusumi\Projects\CLOTH\INIT\Release\link.read.1.tlog
C:\Users\kusumi\Documents\Dropbox\labo_kusumi\Projects\CLOTH\INIT\Release\link.write.1.tlog
C:\Users\kusumi\Documents\Dropbox\labo_kusumi\Projects\CLOTH\INIT\Release\main.obj
C:\Users\kusumi\Documents\Dropbox\labo_kusumi\Projects\CLOTH\INIT\Release\mt.command.1.tlog
C:\Users\kusumi\Documents\Dropbox\labo_kusumi\Projects\CLOTH\INIT\Release\mt.read.1.tlog
C:\Users\kusumi\Documents\Dropbox\labo_kusumi\Projects\CLOTH\INIT\Release\mt.write.1.tlog
C:\Users\kusumi\Documents\Dropbox\labo_kusumi\Projects\CLOTH\INIT\Release\vc100.pdb
C:\Users\kusumi\Documents\Dropbox\labo_kusumi\Projects\CLOTH\Release\INIT.exe
C:\Users\kusumi\Documents\Dropbox\labo_kusumi\Projects\CLOTH\Release\INIT.pdb
D:\Y_KUSUMI\DROPBOX\LABO_KUSUMI\PROJECTS\CLOTH\INIT\RELEASE\.NETFRAMEWORK,VERSION=V4.0.ASSEMBLYATTRIBUTES.OBJ
D:\Y_KUSUMI\DROPBOX\LABO_KUSUMI\PROJECTS\CLOTH\INIT\RELEASE\INIT.EXE.INTERMEDIATE.MANIFEST
D:\Y_KUSUMI\DROPBOX\LABO_KUSUMI\PROJECTS\CLOTH\INIT\RELEASE\MAIN.OBJ
D:\Y_KUSUMI\DROPBOX\LABO_KUSUMI\PROJECTS\CLOTH\INIT\RELEASE\VC100.PDB
D:\Y_KUSUMI\DROPBOX\LABO_KUSUMI\PROJECTS\CLOTH\RELEASE\INIT.EXE
D:\Y_KUSUMI\DROPBOX\LABO_KUSUMI\PROJECTS\CLOTH\RELEASE\INIT.PDB
