2011/11/04 15:40:54 にビルドを開始しました。
     1>ノード 2 上のプロジェクト "C:\Users\kusumi\Documents\Dropbox\labo_kusumi\Projects\CLOTH\INIT\INIT.vcxproj" (build ターゲット)。
     1>InitializeBuildStatus:
         "AlwaysCreate" が指定されたため "Release\INIT.unsuccessfulbuild" を作成しています。
       GenerateTargetFrameworkMonikerAttribute:
       すべての出力ファイルが入力ファイルに対して最新なので、ターゲット "GenerateTargetFrameworkMonikerAttribute" を省略します。
       ClCompile:
         C:\Program Files (x86)\Microsoft Visual Studio 10.0\VC\bin\CL.exe /c /AI"C:\Program Files (x86)\Reference Assemblies\Microsoft\Framework\.NETFramework\v4.0" /Zi /clr /nologo /W3 /WX- /O2 /Oy- /GL /D WIN32 /D NDEBUG /D _UNICODE /D UNICODE /EHa /MD /GS /fp:precise /Zc:wchar_t /Zc:forScope /Fo"Release\\" /Fd"Release\vc100.pdb" /TP /analyze- /errorReport:prompt main.cpp /clr:nostdlib 
         main.cpp
         C:\Program Files (x86)\Microsoft Visual Studio 10.0\VC\bin\CL.exe /c /Zi /clr /nologo /W3 /WX- /O2 /Oy- /GL /D WIN32 /D NDEBUG /D _UNICODE /D UNICODE /EHa /MD /GS /fp:precise /Zc:wchar_t /Zc:forScope /Fo"Release\\" /Fd"Release\vc100.pdb" /TP /analyze- /errorReport:prompt "C:\Users\kusumi\AppData\Local\Temp\.NETFramework,Version=v4.0.AssemblyAttributes.cpp"
         .NETFramework,Version=v4.0.AssemblyAttributes.cpp
       Link:
         C:\Program Files (x86)\Microsoft Visual Studio 10.0\VC\bin\link.exe /ERRORREPORT:PROMPT /OUT:"C:\Users\kusumi\Documents\Dropbox\labo_kusumi\Projects\CLOTH\Release\INIT.exe" /INCREMENTAL:NO /NOLOGO /MANIFEST /ManifestFile:"Release\INIT.exe.intermediate.manifest" /MANIFESTUAC:"level='asInvoker' uiAccess='false'" /DEBUG /PDB:"C:\Users\kusumi\Documents\Dropbox\labo_kusumi\Projects\CLOTH\Release\INIT.pdb" /LTCG /TLBID:1 /DYNAMICBASE /FIXED:NO /NXCOMPAT /MACHINE:X86 Release\main.obj
         "Release\.NETFramework,Version=v4.0.AssemblyAttributes.obj"
         LINK : /LTCG が指定されましたが、コードの生成は必要ありません。リンク コマンド ラインから /LTCG を削除し、リンカーの性能を改善してください。
         INIT.vcxproj -> C:\Users\kusumi\Documents\Dropbox\labo_kusumi\Projects\CLOTH\Release\INIT.exe
       Manifest:
         C:\Program Files (x86)\Microsoft SDKs\Windows\v7.0A\bin\mt.exe /nologo /verbose /outputresource:"C:\Users\kusumi\Documents\Dropbox\labo_kusumi\Projects\CLOTH\Release\INIT.exe;#1" /manifest Release\INIT.exe.intermediate.manifest
       FinalizeBuildStatus:
         ファイル "Release\INIT.unsuccessfulbuild" を削除しています。
         "Release\INIT.lastbuildstate" のタッチ タスクを実行しています。
     1>プロジェクト "C:\Users\kusumi\Documents\Dropbox\labo_kusumi\Projects\CLOTH\INIT\INIT.vcxproj" (build ターゲット) のビルドが完了しました。

ビルドに成功しました。

経過時間 00:00:03.95
