2011/11/04 14:32:24 にビルドを開始しました。
     1>ノード 2 上のプロジェクト "C:\Users\kusumi\Documents\Dropbox\labo_kusumi\Projects\CLOTH\PLAYER\PLAYER.vcxproj" (build ターゲット)。
     1>InitializeBuildStatus:
         "AlwaysCreate" が指定されたため "Debug\PLAYER.unsuccessfulbuild" を作成しています。
       ClCompile:
         C:\Program Files (x86)\Microsoft Visual Studio 10.0\VC\bin\CL.exe /c /ZI /nologo /W3 /WX- /Od /Oy- /D WIN32 /D _DEBUG /D _CONSOLE /D _UNICODE /D UNICODE /Gm /EHsc /RTC1 /MDd /GS /fp:precise /Zc:wchar_t /Zc:forScope /Fo"Debug\\" /Fd"Debug\vc100.pdb" /Gd /TP /analyze- /errorReport:prompt main.cpp
         main.cpp
     1>c:\users\kusumi\documents\dropbox\labo_kusumi\projects\cloth\player\main.cpp(74): warning C4996: 'sprintf': This function or variable may be unsafe. Consider using sprintf_s instead. To disable deprecation, use _CRT_SECURE_NO_WARNINGS. See online help for details.
                 c:\program files (x86)\microsoft visual studio 10.0\vc\include\stdio.h(371) : 'sprintf' の宣言を確認してください。
     1>c:\users\kusumi\documents\dropbox\labo_kusumi\projects\cloth\player\main.cpp(75): warning C4996: 'strcpy': This function or variable may be unsafe. Consider using strcpy_s instead. To disable deprecation, use _CRT_SECURE_NO_WARNINGS. See online help for details.
                 c:\program files (x86)\microsoft visual studio 10.0\vc\include\string.h(105) : 'strcpy' の宣言を確認してください。
     1>c:\users\kusumi\documents\dropbox\labo_kusumi\projects\cloth\player\main.cpp(76): warning C4996: 'strcat': This function or variable may be unsafe. Consider using strcat_s instead. To disable deprecation, use _CRT_SECURE_NO_WARNINGS. See online help for details.
                 c:\program files (x86)\microsoft visual studio 10.0\vc\include\string.h(110) : 'strcat' の宣言を確認してください。
     1>c:\users\kusumi\documents\dropbox\labo_kusumi\projects\cloth\player\main.cpp(77): warning C4996: 'strcat': This function or variable may be unsafe. Consider using strcat_s instead. To disable deprecation, use _CRT_SECURE_NO_WARNINGS. See online help for details.
                 c:\program files (x86)\microsoft visual studio 10.0\vc\include\string.h(110) : 'strcat' の宣言を確認してください。
       ManifestResourceCompile:
         すべての出力が最新のものです。
       Link:
         C:\Program Files (x86)\Microsoft Visual Studio 10.0\VC\bin\link.exe /ERRORREPORT:PROMPT /OUT:"C:\Users\kusumi\Documents\Dropbox\labo_kusumi\Projects\CLOTH\Debug\PLAYER.exe" /INCREMENTAL /NOLOGO kernel32.lib user32.lib gdi32.lib winspool.lib comdlg32.lib advapi32.lib shell32.lib ole32.lib oleaut32.lib uuid.lib odbc32.lib odbccp32.lib /MANIFEST /ManifestFile:"Debug\PLAYER.exe.intermediate.manifest" /MANIFESTUAC:"level='asInvoker' uiAccess='false'" /DEBUG /PDB:"C:\Users\kusumi\Documents\Dropbox\labo_kusumi\Projects\CLOTH\Debug\PLAYER.pdb" /SUBSYSTEM:CONSOLE /TLBID:1 /DYNAMICBASE /NXCOMPAT /IMPLIB:"C:\Users\kusumi\Documents\Dropbox\labo_kusumi\Projects\CLOTH\Debug\PLAYER.lib" /MACHINE:X86 Debug\PLAYER.exe.embed.manifest.res
         Debug\main.obj
         Debug\MouseCamera.obj
         LINK : 前回のインクリメンタル リンクで C:\Users\kusumi\Documents\Dropbox\labo_kusumi\Projects\CLOTH\Debug\PLAYER.exe が見つからなかったか、ビルドされませんでした。フル リンクを行います。
     1>LINK : fatal error LNK1104: ファイル 'freeglut.lib' を開くことができません。
     1>プロジェクト "C:\Users\kusumi\Documents\Dropbox\labo_kusumi\Projects\CLOTH\PLAYER\PLAYER.vcxproj" (build ターゲット) のビルドが終了しました -- 失敗。

ビルドに失敗しました。

経過時間 00:00:13.55
