2011/11/06 21:57:23 にビルドを開始しました。
     1>ノード 2 上のプロジェクト "D:\y_kusumi\Dropbox\labo_kusumi\Projects\CLOTH\CLOTH\CLOTH.vcxproj" (build ターゲット)。
     1>InitializeBuildStatus:
         "AlwaysCreate" が指定されたため "Release\CLOTH.unsuccessfulbuild" を作成しています。
       GenerateTargetFrameworkMonikerAttribute:
       すべての出力ファイルが入力ファイルに対して最新なので、ターゲット "GenerateTargetFrameworkMonikerAttribute" を省略します。
       ClCompile:
         C:\Program Files (x86)\Microsoft Visual Studio 10.0\VC\bin\CL.exe /c /AI"C:\Program Files (x86)\Reference Assemblies\Microsoft\Framework\.NETFramework\v4.0" /Zi /clr /nologo /W3 /WX- /O2 /Oy- /GL /D WIN32 /D NDEBUG /D _UNICODE /D UNICODE /EHa /MD /GS /fp:precise /Zc:wchar_t /Zc:forScope /Fo"Release\\" /Fd"Release\vc100.pdb" /TP /analyze- /errorReport:prompt main.cpp /clr:nostdlib 
         main.cpp
     1>main.cpp(163): warning C4996: 'sprintf': This function or variable may be unsafe. Consider using sprintf_s instead. To disable deprecation, use _CRT_SECURE_NO_WARNINGS. See online help for details.
                 C:\Program Files (x86)\Microsoft Visual Studio 10.0\VC\include\stdio.h(371) : 'sprintf' の宣言を確認してください。
         すべての出力が最新のものです。
       Link:
         C:\Program Files (x86)\Microsoft Visual Studio 10.0\VC\bin\link.exe /ERRORREPORT:PROMPT /OUT:"D:\y_kusumi\Dropbox\labo_kusumi\Projects\CLOTH\Release\CLOTH.exe" /INCREMENTAL:NO /NOLOGO /MANIFEST /ManifestFile:"Release\CLOTH.exe.intermediate.manifest" /MANIFESTUAC:"level='asInvoker' uiAccess='false'" /DEBUG /PDB:"D:\y_kusumi\Dropbox\labo_kusumi\Projects\CLOTH\Release\CLOTH.pdb" /LTCG /TLBID:1 /DYNAMICBASE /FIXED:NO /NXCOMPAT /MACHINE:X86 Release\main.obj
         "Release\.NETFramework,Version=v4.0.AssemblyAttributes.obj"
         LINK : /LTCG が指定されましたが、コードの生成は必要ありません。リンク コマンド ラインから /LTCG を削除し、リンカーの性能を改善してください。
         CLOTH.vcxproj -> D:\y_kusumi\Dropbox\labo_kusumi\Projects\CLOTH\Release\CLOTH.exe
       Manifest:
         C:\Program Files (x86)\Microsoft SDKs\Windows\v7.0A\bin\mt.exe /nologo /verbose /outputresource:"D:\y_kusumi\Dropbox\labo_kusumi\Projects\CLOTH\Release\CLOTH.exe;#1" /manifest Release\CLOTH.exe.intermediate.manifest
       FinalizeBuildStatus:
         ファイル "Release\CLOTH.unsuccessfulbuild" を削除しています。
         "Release\CLOTH.lastbuildstate" のタッチ タスクを実行しています。
     1>プロジェクト "D:\y_kusumi\Dropbox\labo_kusumi\Projects\CLOTH\CLOTH\CLOTH.vcxproj" (build ターゲット) のビルドが完了しました。

ビルドに成功しました。

経過時間 00:00:04.55
