C:\USERS\KUSUMI\DOCUMENTS\DROPBOX\LABO_KUSUMI\PROJECTS\CLOTH\CLOTH\RELEASE\.NETFRAMEWORK,VERSION=V4.0.ASSEMBLYATTRIBUTES.OBJ
C:\Users\kusumi\Documents\Dropbox\labo_kusumi\Projects\CLOTH\CLOTH\Release\cl.command.1.tlog
C:\Users\kusumi\Documents\Dropbox\labo_kusumi\Projects\CLOTH\CLOTH\Release\CL.read.1.tlog
C:\Users\kusumi\Documents\Dropbox\labo_kusumi\Projects\CLOTH\CLOTH\Release\CL.write.1.tlog
C:\USERS\KUSUMI\DOCUMENTS\DROPBOX\LABO_KUSUMI\PROJECTS\CLOTH\CLOTH\RELEASE\CLOTH.EXE.INTERMEDIATE.MANIFEST
C:\Users\kusumi\Documents\Dropbox\labo_kusumi\Projects\CLOTH\CLOTH\Release\link.command.1.tlog
C:\Users\kusumi\Documents\Dropbox\labo_kusumi\Projects\CLOTH\CLOTH\Release\link.read.1.tlog
C:\Users\kusumi\Documents\Dropbox\labo_kusumi\Projects\CLOTH\CLOTH\Release\link.write.1.tlog
C:\USERS\KUSUMI\DOCUMENTS\DROPBOX\LABO_KUSUMI\PROJECTS\CLOTH\CLOTH\RELEASE\MAIN.OBJ
C:\Users\kusumi\Documents\Dropbox\labo_kusumi\Projects\CLOTH\CLOTH\Release\mt.command.1.tlog
C:\Users\kusumi\Documents\Dropbox\labo_kusumi\Projects\CLOTH\CLOTH\Release\mt.read.1.tlog
C:\Users\kusumi\Documents\Dropbox\labo_kusumi\Projects\CLOTH\CLOTH\Release\mt.write.1.tlog
C:\USERS\KUSUMI\DOCUMENTS\DROPBOX\LABO_KUSUMI\PROJECTS\CLOTH\CLOTH\RELEASE\VC100.PDB
C:\USERS\KUSUMI\DOCUMENTS\DROPBOX\LABO_KUSUMI\PROJECTS\CLOTH\RELEASE\CLOTH.EXE
C:\USERS\KUSUMI\DOCUMENTS\DROPBOX\LABO_KUSUMI\PROJECTS\CLOTH\RELEASE\CLOTH.PDB
D:\Y_KUSUMI\DROPBOX\LABO_KUSUMI\PROJECTS\CLOTH\CLOTH\RELEASE\.NETFRAMEWORK,VERSION=V4.0.ASSEMBLYATTRIBUTES.OBJ
D:\Y_KUSUMI\DROPBOX\LABO_KUSUMI\PROJECTS\CLOTH\CLOTH\RELEASE\CLOTH.EXE.INTERMEDIATE.MANIFEST
D:\Y_KUSUMI\DROPBOX\LABO_KUSUMI\PROJECTS\CLOTH\CLOTH\RELEASE\MAIN.OBJ
D:\Y_KUSUMI\DROPBOX\LABO_KUSUMI\PROJECTS\CLOTH\CLOTH\RELEASE\VC100.PDB
D:\Y_KUSUMI\DROPBOX\LABO_KUSUMI\PROJECTS\CLOTH\RELEASE\CLOTH.EXE
D:\Y_KUSUMI\DROPBOX\LABO_KUSUMI\PROJECTS\CLOTH\RELEASE\CLOTH.PDB
