2011/11/01 0:47:22 にビルドを開始しました。
     1>ノード 2 上のプロジェクト "D:\y_kusumi\Dropbox\labo_kusumi\Projects\CLOTH\CLOTH\CLOTH.vcxproj" (build ターゲット)。
     1>InitializeBuildStatus:
         "AlwaysCreate" が指定されたため "Debug\CLOTH.unsuccessfulbuild" を作成しています。
       GenerateTargetFrameworkMonikerAttribute:
       すべての出力ファイルが入力ファイルに対して最新なので、ターゲット "GenerateTargetFrameworkMonikerAttribute" を省略します。
       ClCompile:
         C:\Program Files (x86)\Microsoft Visual Studio 10.0\VC\bin\CL.exe /c /AI"C:\Program Files (x86)\Reference Assemblies\Microsoft\Framework\.NETFramework\v4.0" /Zi /clr /nologo /W3 /WX- /Od /Oy- /D WIN32 /D _DEBUG /D _UNICODE /D UNICODE /EHa /MDd /GS /fp:precise /Zc:wchar_t /Zc:forScope /Fo"Debug\\" /Fd"Debug\vc100.pdb" /TP /analyze- /errorReport:prompt main.cpp /clr:nostdlib 
         main.cpp
     1>main.cpp(120): warning C4996: 'sprintf': This function or variable may be unsafe. Consider using sprintf_s instead. To disable deprecation, use _CRT_SECURE_NO_WARNINGS. See online help for details.
                 C:\Program Files (x86)\Microsoft Visual Studio 10.0\VC\include\stdio.h(371) : 'sprintf' の宣言を確認してください。
         すべての出力が最新のものです。
       Link:
         C:\Program Files (x86)\Microsoft Visual Studio 10.0\VC\bin\link.exe /ERRORREPORT:PROMPT /OUT:"D:\y_kusumi\Dropbox\labo_kusumi\Projects\CLOTH\Debug\CLOTH.exe" /INCREMENTAL /NOLOGO /MANIFEST /ManifestFile:"Debug\CLOTH.exe.intermediate.manifest" /MANIFESTUAC:"level='asInvoker' uiAccess='false'" /DEBUG /PDB:"D:\y_kusumi\Dropbox\labo_kusumi\Projects\CLOTH\Debug\CLOTH.pdb" /ASSEMBLYDEBUG /TLBID:1 /DYNAMICBASE /FIXED:NO /NXCOMPAT /MACHINE:X86 Debug\main.obj
         "Debug\.NETFramework,Version=v4.0.AssemblyAttributes.obj"
         CLOTH.vcxproj -> D:\y_kusumi\Dropbox\labo_kusumi\Projects\CLOTH\Debug\CLOTH.exe
       Manifest:
         C:\Program Files (x86)\Microsoft SDKs\Windows\v7.0A\bin\mt.exe /nologo /verbose /outputresource:"D:\y_kusumi\Dropbox\labo_kusumi\Projects\CLOTH\Debug\CLOTH.exe;#1" /manifest Debug\CLOTH.exe.intermediate.manifest
       FinalizeBuildStatus:
         ファイル "Debug\CLOTH.unsuccessfulbuild" を削除しています。
         "Debug\CLOTH.lastbuildstate" のタッチ タスクを実行しています。
     1>プロジェクト "D:\y_kusumi\Dropbox\labo_kusumi\Projects\CLOTH\CLOTH\CLOTH.vcxproj" (build ターゲット) のビルドが完了しました。

ビルドに成功しました。

経過時間 00:00:01.97
