C:\Users\kusumi\Documents\Dropbox\labo_kusumi\Projects\CLOTH\PLAYER\Release\cl.command.1.tlog
C:\Users\kusumi\Documents\Dropbox\labo_kusumi\Projects\CLOTH\PLAYER\Release\CL.read.1.tlog
C:\Users\kusumi\Documents\Dropbox\labo_kusumi\Projects\CLOTH\PLAYER\Release\CL.write.1.tlog
C:\Users\kusumi\Documents\Dropbox\labo_kusumi\Projects\CLOTH\PLAYER\Release\link.command.1.tlog
C:\Users\kusumi\Documents\Dropbox\labo_kusumi\Projects\CLOTH\PLAYER\Release\link.read.1.tlog
C:\Users\kusumi\Documents\Dropbox\labo_kusumi\Projects\CLOTH\PLAYER\Release\link.write.1.tlog
C:\USERS\KUSUMI\DOCUMENTS\DROPBOX\LABO_KUSUMI\PROJECTS\CLOTH\PLAYER\RELEASE\MAIN.OBJ
C:\USERS\KUSUMI\DOCUMENTS\DROPBOX\LABO_KUSUMI\PROJECTS\CLOTH\PLAYER\RELEASE\MOUSECAMERA.OBJ
C:\Users\kusumi\Documents\Dropbox\labo_kusumi\Projects\CLOTH\PLAYER\Release\mt.command.1.tlog
C:\Users\kusumi\Documents\Dropbox\labo_kusumi\Projects\CLOTH\PLAYER\Release\mt.read.1.tlog
C:\Users\kusumi\Documents\Dropbox\labo_kusumi\Projects\CLOTH\PLAYER\Release\mt.write.1.tlog
C:\USERS\KUSUMI\DOCUMENTS\DROPBOX\LABO_KUSUMI\PROJECTS\CLOTH\PLAYER\RELEASE\PLAYER.EXE.INTERMEDIATE.MANIFEST
C:\USERS\KUSUMI\DOCUMENTS\DROPBOX\LABO_KUSUMI\PROJECTS\CLOTH\PLAYER\RELEASE\VC100.PDB
C:\USERS\KUSUMI\DOCUMENTS\DROPBOX\LABO_KUSUMI\PROJECTS\CLOTH\RELEASE\PLAYER.EXE
C:\USERS\KUSUMI\DOCUMENTS\DROPBOX\LABO_KUSUMI\PROJECTS\CLOTH\RELEASE\PLAYER.PDB
D:\Y_KUSUMI\DROPBOX\LABO_KUSUMI\PROJECTS\CLOTH\PLAYER\RELEASE\MAIN.OBJ
D:\Y_KUSUMI\DROPBOX\LABO_KUSUMI\PROJECTS\CLOTH\PLAYER\RELEASE\MOUSECAMERA.OBJ
D:\Y_KUSUMI\DROPBOX\LABO_KUSUMI\PROJECTS\CLOTH\PLAYER\RELEASE\PLAYER.EXE.INTERMEDIATE.MANIFEST
D:\Y_KUSUMI\DROPBOX\LABO_KUSUMI\PROJECTS\CLOTH\PLAYER\RELEASE\VC100.PDB
D:\Y_KUSUMI\DROPBOX\LABO_KUSUMI\PROJECTS\CLOTH\RELEASE\PLAYER.EXE
D:\Y_KUSUMI\DROPBOX\LABO_KUSUMI\PROJECTS\CLOTH\RELEASE\PLAYER.PDB
